<?xml version="1.0" encoding="UTF-8"?>
<testsuite name="dev.stunmesh.android.config.SecurityAuditTest" tests="10" skipped="0" failures="0" errors="0" timestamp="2026-09-13T07:08:12.438Z" hostname="e14" time="0.199">
  <properties/>
  <testcase name="malformedWgQuickImportErrorCanIncludePrivateKeyText" classname="dev.stunmesh.android.config.SecurityAuditTest" time="0.042"/>
  <testcase name="importedTunnelCanKeepDistinctStoresForDifferentPeers" classname="dev.stunmesh.android.config.SecurityAuditTest" time="0.083"/>
  <testcase name="importedYamlPreservesHiddenUapiPeerInEndpointWithValidRoute" classname="dev.stunmesh.android.config.SecurityAuditTest" time="0.03"/>
  <testcase name="malformedImportErrorCanIncludePrivateKeyText" classname="dev.stunmesh.android.config.SecurityAuditTest" time="0.003"/>
  <testcase name="importedYamlPreservesLowOrderPeerPublicKeyAcrossGoBoundary" classname="dev.stunmesh.android.config.SecurityAuditTest" time="0.005"/>
  <testcase name="genericApiKeyIsNotRedactedFromLogExportConfig" classname="dev.stunmesh.android.config.SecurityAuditTest" time="0.014"/>
  <testcase name="snakeYamlDefaultRejectsArbitraryJavaObjectTag" classname="dev.stunmesh.android.config.SecurityAuditTest" time="0.002"/>
  <testcase name="snakeYamlRejectsCollectionAliasExpansion" classname="dev.stunmesh.android.config.SecurityAuditTest" time="0.004"/>
  <testcase name="importedYamlPreservesExecutablePluginTypeAcrossGoBoundary" classname="dev.stunmesh.android.config.SecurityAuditTest" time="0.004"/>
  <testcase name="importedYamlPreservesHiddenUapiLinesInAllowedIpAcrossGoBoundary" classname="dev.stunmesh.android.config.SecurityAuditTest" time="0.002"/>
  <system-out><![CDATA[]]></system-out>
  <system-err><![CDATA[]]></system-err>
</testsuite>
